105.10.11 10:22 B Z:\AircraftScheduling\web\Help\AircraftCheckoutScreen\FlightStatus_files\filelist.xml --> executiveflightcenter.com /knks03114/AircraftScheduling214/Help/AircraftCheckoutScreen/FlightStatus_files filelist.xml
105.10.11 10:22 B Z:\AircraftScheduling\web\Help\AircraftCheckoutScreen\FlightStatus_files\image001.jpg --> executiveflightcenter.com /knks03114/AircraftScheduling214/Help/AircraftCheckoutScreen/FlightStatus_files image001.jpg
105.10.11 10:22 B Z:\AircraftScheduling\web\Help\AircraftCheckoutScreen\FlightStatus_files\image002.jpg --> executiveflightcenter.com /knks03114/AircraftScheduling214/Help/AircraftCheckoutScreen/FlightStatus_files image002.jpg
105.10.11 10:22 B Z:\AircraftScheduling\web\Help\AircraftCheckoutScreen\FlightStatus_files\image004.jpg --> executiveflightcenter.com /knks03114/AircraftScheduling214/Help/AircraftCheckoutScreen/FlightStatus_files image004.jpg
105.10.11 10:22 B Z:\AircraftScheduling\web\Help\AircraftCheckoutScreen\FlightStatus_files\image005.jpg --> executiveflightcenter.com /knks03114/AircraftScheduling214/Help/AircraftCheckoutScreen/FlightStatus_files image005.jpg
105.10.11 10:22 B Z:\AircraftScheduling\web\Help\AircraftCheckoutScreen\FlightStatus_files\image006.jpg --> executiveflightcenter.com /knks03114/AircraftScheduling214/Help/AircraftCheckoutScreen/FlightStatus_files image006.jpg
105.10.11 10:22 B Z:\AircraftScheduling\web\Help\AircraftCheckoutScreen\FlightStatus_files\image007.jpg --> executiveflightcenter.com /knks03114/AircraftScheduling214/Help/AircraftCheckoutScreen/FlightStatus_files image007.jpg
105.10.11 10:22 B Z:\AircraftScheduling\web\Help\AircraftCheckoutScreen\FlightStatus_files\Thumbs.db --> executiveflightcenter.com /knks03114/AircraftScheduling214/Help/AircraftCheckoutScreen/FlightStatus_files Thumbs.db
106.04.24 10:15 B Z:\AircraftScheduling\web\Help\AircraftCheckoutScreen\FlightStatus_files\filelist.xml --> flyingactivity.com /httpdocs/AircraftScheduling/Help/AircraftCheckoutScreen/FlightStatus_files filelist.xml
106.04.24 10:15 B Z:\AircraftScheduling\web\Help\AircraftCheckoutScreen\FlightStatus_files\image001.jpg --> flyingactivity.com /httpdocs/AircraftScheduling/Help/AircraftCheckoutScreen/FlightStatus_files image001.jpg
106.04.24 10:15 B Z:\AircraftScheduling\web\Help\AircraftCheckoutScreen\FlightStatus_files\image002.jpg --> flyingactivity.com /httpdocs/AircraftScheduling/Help/AircraftCheckoutScreen/FlightStatus_files image002.jpg
106.04.24 10:15 B Z:\AircraftScheduling\web\Help\AircraftCheckoutScreen\FlightStatus_files\image004.jpg --> flyingactivity.com /httpdocs/AircraftScheduling/Help/AircraftCheckoutScreen/FlightStatus_files image004.jpg
106.04.24 10:15 B Z:\AircraftScheduling\web\Help\AircraftCheckoutScreen\FlightStatus_files\image005.jpg --> flyingactivity.com /httpdocs/AircraftScheduling/Help/AircraftCheckoutScreen/FlightStatus_files image005.jpg
106.04.24 10:15 B Z:\AircraftScheduling\web\Help\AircraftCheckoutScreen\FlightStatus_files\image006.jpg --> flyingactivity.com /httpdocs/AircraftScheduling/Help/AircraftCheckoutScreen/FlightStatus_files image006.jpg
106.04.24 10:15 B Z:\AircraftScheduling\web\Help\AircraftCheckoutScreen\FlightStatus_files\image007.jpg --> flyingactivity.com /httpdocs/AircraftScheduling/Help/AircraftCheckoutScreen/FlightStatus_files image007.jpg
106.04.24 10:15 B Z:\AircraftScheduling\web\Help\AircraftCheckoutScreen\FlightStatus_files\Thumbs.db --> flyingactivity.com /httpdocs/AircraftScheduling/Help/AircraftCheckoutScreen/FlightStatus_files Thumbs.db
106.04.24 10:15 B Z:\AircraftScheduling\web\Help\AircraftCheckoutScreen\FlightStatus_files\WS_FTP.LOG --> flyingactivity.com /httpdocs/AircraftScheduling/Help/AircraftCheckoutScreen/FlightStatus_files WS_FTP.LOG
106.04.24 10:25 B Z:\AircraftScheduling\web\Help\AircraftCheckoutScreen\FlightStatus_files\filelist.xml --> flyingactivity.com /httpdocs/AircraftScheduling/Help/AircraftCheckoutScreen/FlightStatus_files filelist.xml
106.04.24 10:25 B Z:\AircraftScheduling\web\Help\AircraftCheckoutScreen\FlightStatus_files\image002.jpg --> flyingactivity.com /httpdocs/AircraftScheduling/Help/AircraftCheckoutScreen/FlightStatus_files image002.jpg
106.04.24 10:25 B Z:\AircraftScheduling\web\Help\AircraftCheckoutScreen\FlightStatus_files\image001.jpg --> flyingactivity.com /httpdocs/AircraftScheduling/Help/AircraftCheckoutScreen/FlightStatus_files image001.jpg
106.04.24 10:25 B Z:\AircraftScheduling\web\Help\AircraftCheckoutScreen\FlightStatus_files\image004.jpg --> flyingactivity.com /httpdocs/AircraftScheduling/Help/AircraftCheckoutScreen/FlightStatus_files image004.jpg
